This is pdfTeX, Version 3.1415926-1.40.10 (TeX Live 2009/Debian) (format=latex 2013.8.5)  31 MAR 2014 18:05
entering extended mode
 %&-line parsing enabled.
**theory.tex
(./theory.tex
LaTeX2e <2009/09/24>
Babel <v3.8l> and hyphenation patterns for english, usenglishmax, dumylang, noh
yphenation, loaded.
(./acm_proc_article-sp.cls
(/usr/share/texmf-texlive/tex/latex/graphics/epsfig.sty
Package: epsfig 1999/02/16 v1.7a (e)psfig emulation (SPQR)

(/usr/share/texmf-texlive/tex/latex/graphics/graphicx.sty
Package: graphicx 1999/02/16 v1.0f Enhanced LaTeX Graphics (DPC,SPQR)

(/usr/share/texmf-texlive/tex/latex/graphics/keyval.sty
Package: keyval 1999/03/16 v1.13 key=value parser (DPC)
\KV@toks@=\toks14
)
(/usr/share/texmf-texlive/tex/latex/graphics/graphics.sty
Package: graphics 2009/02/05 v1.0o Standard LaTeX Graphics (DPC,SPQR)

(/usr/share/texmf-texlive/tex/latex/graphics/trig.sty
Package: trig 1999/03/16 v1.09 sin cos tan (DPC)
)
(/etc/texmf/tex/latex/config/graphics.cfg
File: graphics.cfg 2009/08/28 v1.8 graphics configuration of TeX Live
)
Package graphics Info: Driver file: dvips.def on input line 91.

(/usr/share/texmf-texlive/tex/latex/graphics/dvips.def
File: dvips.def 1999/02/16 v3.0i Driver-dependant file (DPC,SPQR)
))
\Gin@req@height=\dimen102
\Gin@req@width=\dimen103
)
\epsfxsize=\dimen104
\epsfysize=\dimen105
)
(/usr/share/texmf-texlive/tex/latex/amsfonts/amssymb.sty
Package: amssymb 2009/06/22 v3.00

(/usr/share/texmf-texlive/tex/latex/amsfonts/amsfonts.sty
Package: amsfonts 2009/06/22 v3.00 Basic AMSFonts support
\@emptytoks=\toks15
\symAMSa=\mathgroup4
\symAMSb=\mathgroup5
LaTeX Font Info:    Overwriting math alphabet `\mathfrak' in version `bold'
(Font)                  U/euf/m/n --> U/euf/b/n on input line 96.
))
(/usr/share/texmf-texlive/tex/latex/amsmath/amsmath.sty
Package: amsmath 2000/07/18 v2.13 AMS math features
\@mathmargin=\skip41

For additional information on amsmath, use the `?' option.
(/usr/share/texmf-texlive/tex/latex/amsmath/amstext.sty
Package: amstext 2000/06/29 v2.01

(/usr/share/texmf-texlive/tex/latex/amsmath/amsgen.sty
File: amsgen.sty 1999/11/30 v2.0
\@emptytoks=\toks16
\ex@=\dimen106
))
(/usr/share/texmf-texlive/tex/latex/amsmath/amsbsy.sty
Package: amsbsy 1999/11/29 v1.2d
\pmbraise@=\dimen107
)
(/usr/share/texmf-texlive/tex/latex/amsmath/amsopn.sty
Package: amsopn 1999/12/14 v2.01 operator names
)
\inf@bad=\count79
LaTeX Info: Redefining \frac on input line 211.
\uproot@=\count80
\leftroot@=\count81
LaTeX Info: Redefining \overline on input line 307.
\classnum@=\count82
\DOTSCASE@=\count83
LaTeX Info: Redefining \ldots on input line 379.
LaTeX Info: Redefining \dots on input line 382.
LaTeX Info: Redefining \cdots on input line 467.
\Mathstrutbox@=\box26
\strutbox@=\box27
\big@size=\dimen108
LaTeX Font Info:    Redeclaring font encoding OML on input line 567.
LaTeX Font Info:    Redeclaring font encoding OMS on input line 568.
\macc@depth=\count84
\c@MaxMatrixCols=\count85
\dotsspace@=\muskip10
\c@parentequation=\count86
\dspbrk@lvl=\count87
\tag@help=\toks17
\row@=\count88
\column@=\count89
\maxfields@=\count90
\andhelp@=\toks18
\eqnshift@=\dimen109
\alignsep@=\dimen110
\tagshift@=\dimen111
\tagwidth@=\dimen112
\totwidth@=\dimen113
\lineht@=\dimen114
\@envbody=\toks19
\multlinegap=\skip42
\multlinetaggap=\skip43
\mathdisplay@stack=\toks20
LaTeX Info: Redefining \[ on input line 2666.
LaTeX Info: Redefining \] on input line 2667.
)
Document Class 'acm_proc_article-sp' <22nd. April '09>. Modified by G.K.M. Tobi
n
Based in part upon document Style `acmconf' <22 May 89>. Hacked 4/91 by
shivers@cs.cmu.edu, 4/93 by theobald@cs.mcgill.ca
Excerpts were taken from (Journal Style) 'esub2acm.cls'.
****** Bugs/comments/suggestions to Gerry Murray -- murray@hq.acm.org ******
\footheight=\dimen115
\@maxsep=\dimen116
\@dblmaxsep=\dimen117
\aucount=\count91
\originalaucount=\count92
\auwidth=\dimen118
\auskip=\dimen119
\auskipcount=\count93
\auskip=\dimen120
\allauboxes=\dimen121
\addauthors=\toks21
\addauflag=\count94
\subtitletext=\toks22
\savesection=\count95
\sectioncntr=\count96
\c@figure=\count97
\c@table=\count98
\titleboxnotes=\toks23
\titleboxnoteflag=\count99
Document Class: acm_proc_article-sp 2009/04/22 - V3.2SP - based on esub2acm.sty
 <23 April 96>
(/usr/share/texmf-texlive/tex/latex/base/latexsym.sty
Package: latexsym 1998/08/17 v2.2e Standard LaTeX package (lasy symbols)
\symlasy=\mathgroup6
LaTeX Font Info:    Overwriting symbol font `lasy' in version `bold'
(Font)                  U/lasy/m/n --> U/lasy/b/n on input line 47.
)
\@acmtitlebox=\box28
\titlenotecount=\count100
\tntoks=\toks24
\tntokstwo=\toks25
\tntoksthree=\toks26
\tntoksfour=\toks27
\tntoksfive=\toks28
\catcount=\count101
\copyrightnotice=\toks29
\conf=\toks30
\confinfo=\toks31
\c@part=\count102
\c@section=\count103
\c@subsection=\count104
\c@subsubsection=\count105
\c@paragraph=\count106

Using 'Abbrev' bibliography style
LaTeX Info: Redefining \cite on input line 1236.
\bibindent=\dimen122
\colcntr=\count107
\saveb@x=\box29
\copyrtyr=\toks32
\acmcopyr=\toks33
\boilerplate=\toks34
\copyrightetc=\toks35
(/usr/share/texmf-texlive/tex/latex/base/fontenc.sty
Package: fontenc 2005/09/27 v1.99g Standard LaTeX package

(/usr/share/texmf-texlive/tex/latex/base/t1enc.def
File: t1enc.def 2005/09/27 v1.99g Standard LaTeX file
LaTeX Font Info:    Redeclaring font encoding T1 on input line 43.
)
LaTeX Font Info:    Try loading font information for T1+aer on input line 100.

(/usr/share/texmf-texlive/tex/latex/ae/t1aer.fd
File: t1aer.fd 1997/11/16 Font definitions for T1/aer.
))) (./algorithm2e.sty
Package: algorithm2e 2008/00/00 v3.10 algorithms environments
\c@AlgoLine=\count108

(/usr/share/texmf-texlive/tex/latex/base/ifthen.sty
Package: ifthen 2001/05/26 v1.1c Standard LaTeX ifthen package (DPC)
)
(/usr/share/texmf-texlive/tex/latex/tools/xspace.sty
Package: xspace 2006/05/08 v1.12 Space after command names (DPC,MH)
)
(/usr/share/texmf-texlive/tex/latex/ltxmisc/relsize.sty
Package: relsize 2003/07/04 ver 3.1


Package relsize Warning: Failed to get list of font sizes.
(relsize)                Falling back to old definition. on input line 81.

)
********************************************************
Package `algorithm2e' Release 4.01 -- december 14 2009 --
- algorithm2e-announce@lirmm.fr mailing list for announcement about releases
- algorithm2e-discussion@lirmm.fr mailing list for discussion about package
subscribe by emailing sympa@lirmm.fr with 'subscribe <list> <firstname name>'
- Author: Christophe Fiorio (fiorio@lirmm.fr)
********************************************************
\skiptotal=\skip44
\skiplinenumber=\skip45
\skiprule=\skip46
\skiphlne=\skip47
\skiptext=\skip48
\skiplength=\skip49
\algomargin=\skip50
\skipalgocfslide=\skip51
\algowidth=\dimen123
\inoutsize=\dimen124
\inoutline=\dimen125
\interspacetitleruled=\dimen126
\interspacealgoruled=\dimen127
\interspacetitleboxruled=\dimen128
\algocf@inoutbox=\box30
\algocf@inputbox=\box31
\AlCapSkip=\skip52
\AlCapHSkip=\skip53
\algocf@nlbox=\box32
\algocf@hangingbox=\box33
\algocf@capbox=\box34
\algoheightruledefault=\skip54
\algoheightrule=\skip55
\algotitleheightruledefault=\skip56
\algotitleheightrule=\skip57
\c@algocfline=\count109
\c@algocfproc=\count110
\c@algocf=\count111
\algocf@algoframe=\box35
\algocf@algobox=\box36
) (/usr/share/texmf-texlive/tex/latex/psnfss/mathptm.sty
Package: mathptm 2005/04/12 PSNFSS-v9.2a Times w/ Math (SPQR, WaS) 


Package mathptm Warning: This package is to be regarded as obsolete.
(mathptm)                See the PSNFSS documentation.

LaTeX Font Info:    Redeclaring symbol font `operators' on input line 31.
LaTeX Font Info:    Overwriting symbol font `operators' in version `normal'
(Font)                  OT1/cmr/m/n --> OT1/ptmcm/m/n on input line 31.
LaTeX Font Info:    Overwriting symbol font `operators' in version `bold'
(Font)                  OT1/cmr/bx/n --> OT1/ptmcm/m/n on input line 31.
LaTeX Font Info:    Redeclaring symbol font `letters' on input line 32.
LaTeX Font Info:    Overwriting symbol font `letters' in version `normal'
(Font)                  OML/cmm/m/it --> OML/ptmcm/m/it on input line 32.
LaTeX Font Info:    Overwriting symbol font `letters' in version `bold'
(Font)                  OML/cmm/b/it --> OML/ptmcm/m/it on input line 32.
LaTeX Font Info:    Redeclaring symbol font `symbols' on input line 33.
LaTeX Font Info:    Overwriting symbol font `symbols' in version `normal'
(Font)                  OMS/cmsy/m/n --> OMS/pzccm/m/n on input line 33.
LaTeX Font Info:    Overwriting symbol font `symbols' in version `bold'
(Font)                  OMS/cmsy/b/n --> OMS/pzccm/m/n on input line 33.
LaTeX Font Info:    Redeclaring symbol font `largesymbols' on input line 34.
LaTeX Font Info:    Overwriting symbol font `largesymbols' in version `normal'
(Font)                  OMX/cmex/m/n --> OMX/psycm/m/n on input line 34.
LaTeX Font Info:    Overwriting symbol font `largesymbols' in version `bold'
(Font)                  OMX/cmex/m/n --> OMX/psycm/m/n on input line 34.
\symbold=\mathgroup7
\symitalic=\mathgroup8
LaTeX Font Info:    Redeclaring math alphabet \mathbf on input line 37.
LaTeX Font Info:    Overwriting math alphabet `\mathbf' in version `normal'
(Font)                  OT1/cmr/bx/n --> OT1/ptm/bx/n on input line 37.
LaTeX Font Info:    Overwriting math alphabet `\mathbf' in version `bold'
(Font)                  OT1/cmr/bx/n --> OT1/ptm/bx/n on input line 37.
LaTeX Font Info:    Redeclaring math alphabet \mathit on input line 38.
LaTeX Font Info:    Overwriting math alphabet `\mathit' in version `normal'
(Font)                  OT1/cmr/m/it --> OT1/ptm/m/it on input line 38.
LaTeX Font Info:    Overwriting math alphabet `\mathit' in version `bold'
(Font)                  OT1/cmr/bx/it --> OT1/ptm/m/it on input line 38.
) (/usr/share/texmf-texlive/tex/latex/psnfss/helvet.sty
Package: helvet 2005/04/12 PSNFSS-v9.2a (WaS) 
)
(/usr/share/texmf-texlive/tex/latex/tools/enumerate.sty
Package: enumerate 1999/03/05 v3.00 enumerate extensions (DPC)
\@enLab=\toks36
)
(/usr/share/texmf-texlive/tex/latex/ltxmisc/cases.sty
Package: cases 2002/05/02 ver 2.5 
)
(/usr/share/texmf-texlive/tex/latex/multirow/multirow.sty
\bigstrutjot=\dimen129
)
(/usr/share/texmf-texlive/tex/latex/subfig/subfig.sty
Package: subfig 2005/06/28 ver: 1.3 subfig package

(/usr/share/texmf-texlive/tex/latex/caption/caption.sty
Package: caption 2009/10/09 v3.1k Customizing captions (AR)

(/usr/share/texmf-texlive/tex/latex/caption/caption3.sty
Package: caption3 2009/10/09 v3.1k caption3 kernel (AR)
\captionmargin=\dimen130
\captionmargin@=\dimen131
\captionwidth=\dimen132
\caption@indent=\dimen133
\caption@parindent=\dimen134
\caption@hangindent=\dimen135
\abovecaptionskip=\skip58
\belowcaptionskip=\skip59
Package caption Info: Unknown document class (or package),
(caption)             standard defaults will be used on input line 1068.
)

Package caption Warning: Unsupported document class (or package) detected,
(caption)                usage of the caption package is not recommended.
See the caption package documentation for explanation.

Package caption Info: \@makecaption = \long macro:#1#2-> \vskip \baselineskip \
setbox \@tempboxa \hbox {\textbf {#1: #2}} \ifdim \wd \@tempboxa >\hsize \textb
f {#1: #2}\par \else \hbox to\hsize {\hfil \box \@tempboxa \hfil }\par \fi .
\c@ContinuedFloat=\count112
)
\c@KVtest=\count113
\sf@farskip=\skip60
\sf@captopadj=\dimen136
\sf@capskip=\skip61
\sf@nearskip=\skip62
\c@subfigure=\count114
\c@subfigure@save=\count115
\c@lofdepth=\count116
\c@subtable=\count117
\c@subtable@save=\count118
\c@lotdepth=\count119
\sf@top=\skip63
\sf@bottom=\skip64
) (/usr/share/texmf-texlive/tex/latex/comment/comment.sty
\CommentStream=\write3

Excluding comment 'comment')
\c@Algorithm=\count120
\c@Definition=\count121
\c@Theorem=\count122
\c@Lemma=\count123
\c@Example=\count124
 (./theory.aux)
\openout1 = `theory.aux'.

LaTeX Font Info:    Checking defaults for OML/cmm/m/it on input line 53.
LaTeX Font Info:    ... okay on input line 53.
LaTeX Font Info:    Checking defaults for T1/cmr/m/n on input line 53.
LaTeX Font Info:    ... okay on input line 53.
LaTeX Font Info:    Checking defaults for OT1/cmr/m/n on input line 53.
LaTeX Font Info:    ... okay on input line 53.
LaTeX Font Info:    Checking defaults for OMS/cmsy/m/n on input line 53.
LaTeX Font Info:    ... okay on input line 53.
LaTeX Font Info:    Checking defaults for OMX/cmex/m/n on input line 53.
LaTeX Font Info:    ... okay on input line 53.
LaTeX Font Info:    Checking defaults for U/cmr/m/n on input line 53.
LaTeX Font Info:    ... okay on input line 53.
LaTeX Font Info:    Try loading font information for T1+ptm on input line 53.

(/usr/share/texmf-texlive/tex/latex/psnfss/t1ptm.fd
File: t1ptm.fd 2001/06/04 font definitions for T1/ptm.
)
Package caption Info: Begin \AtBeginDocument code.
Package caption3 Info: subfig package 1.2 or 1.3 is loaded.
LaTeX Info: Redefining \subref on input line 53.
Package caption Info: End \AtBeginDocument code.
LaTeX Font Info:    Try loading font information for OT1+ptmcm on input line 15
5.

(/usr/share/texmf-texlive/tex/latex/psnfss/ot1ptmcm.fd
File: ot1ptmcm.fd 2000/01/03 Fontinst v1.801 font definitions for OT1/ptmcm.
)
LaTeX Font Info:    Try loading font information for OML+ptmcm on input line 15
5.

(/usr/share/texmf-texlive/tex/latex/psnfss/omlptmcm.fd
File: omlptmcm.fd 2000/01/03 Fontinst v1.801 font definitions for OML/ptmcm.
)
LaTeX Font Info:    Try loading font information for OMS+pzccm on input line 15
5.

(/usr/share/texmf-texlive/tex/latex/psnfss/omspzccm.fd
File: omspzccm.fd 2000/01/03 Fontinst v1.801 font definitions for OMS/pzccm.
)
LaTeX Font Info:    Try loading font information for OMX+psycm on input line 15
5.

(/usr/share/texmf-texlive/tex/latex/psnfss/omxpsycm.fd
File: omxpsycm.fd 2000/01/03 Fontinst v1.801 font definitions for OMX/psycm.
)
LaTeX Font Info:    Try loading font information for U+msa on input line 155.

(/usr/share/texmf-texlive/tex/latex/amsfonts/umsa.fd
File: umsa.fd 2009/06/22 v3.00 AMS symbols A
)
LaTeX Font Info:    Try loading font information for U+msb on input line 155.

(/usr/share/texmf-texlive/tex/latex/amsfonts/umsb.fd
File: umsb.fd 2009/06/22 v3.00 AMS symbols B
)
LaTeX Font Info:    Try loading font information for U+lasy on input line 155.

(/usr/share/texmf-texlive/tex/latex/base/ulasy.fd
File: ulasy.fd 1998/08/17 v2.2e LaTeX symbol font definitions
)
LaTeX Font Info:    Try loading font information for OT1+ptm on input line 155.


(/usr/share/texmf-texlive/tex/latex/psnfss/ot1ptm.fd
File: ot1ptm.fd 2001/06/04 font definitions for OT1/ptm.
)
LaTeX Font Info:    Font shape `OT1/ptm/bx/n' in size <9> not available
(Font)              Font shape `OT1/ptm/b/n' tried instead on input line 155.
LaTeX Font Info:    Font shape `OT1/ptm/bx/n' in size <7> not available
(Font)              Font shape `OT1/ptm/b/n' tried instead on input line 155.
LaTeX Font Info:    Font shape `OT1/ptm/bx/n' in size <5> not available
(Font)              Font shape `OT1/ptm/b/n' tried instead on input line 155.


! Package caption Error: No float type 'copyrightbox' defined.

See the caption package documentation for explanation.
Type  H <return>  for immediate help.
 ...                                              
                                                  
l.155 \maketitle
                
? 
LaTeX Font Info:    Font shape `T1/ptm/bx/n' in size <9> not available
(Font)              Font shape `T1/ptm/b/n' tried instead on input line 168.

Overfull \hbox (6.03969pt too wide) in paragraph at lines 168--168
\T1/ptm/m/n/9 EDA5.1 [\T1/ptm/b/n/9 Verification\T1/ptm/m/n/9 ]: Func-tional, t
ransaction-level, RTL, and gate-
 []

File: ./sequential_fig.ps Graphic file (type eps)
<./sequential_fig.ps>
Overfull \hbox (12.94205pt too wide) in paragraph at lines 181--182
 [][] 
 []


Overfull \hbox (20.86829pt too wide) in paragraph at lines 189--191
\T1/ptm/m/n/9 This con-strain could also be writ-ten in the form of equa-tion $
\OML/ptmcm/m/it/9 polynomial \OT1/ptmcm/m/n/9 =
 []

[1


]
Overfull \hbox (1.09966pt too wide) in paragraph at lines 281--282
[]\T1/ptm/m/n/9 Normal ba-sis mul-ti-pli-ca-tion: There are 2 bi-nary vec-
 []


Overfull \hbox (2.84445pt too wide) in paragraph at lines 283--285
\T1/ptm/m/n/9 Describe cal-cu-la-tion pro-ce-dure for the most sig-nif-i-cant d
igit of prod-
 []

File: ./fsm_fig.ps Graphic file (type eps)
<./fsm_fig.ps>
Overfull \hbox (12.94205pt too wide) in paragraph at lines 296--297
 [][] 
 []

File: ./stg_fig.ps Graphic file (type eps)
<./stg_fig.ps>
Overfull \hbox (12.94205pt too wide) in paragraph at lines 303--304
 [][] 
 []


Overfull \hbox (7.66081pt too wide) in paragraph at lines 308--316
\T1/ptm/m/n/9 fig-ure 3[] uses 2-bit Boolean vec-tor to rep-re-sent 4 states $\
OMS/pzccm/m/n/9 f\OML/ptmcm/m/it/9 S[]; S[]; S[]; S[]\OMS/pzccm/m/n/9 g$\T1/ptm
/m/n/9 ,
 []

[2]
Overfull \hbox (1.29222pt too wide) in paragraph at lines 410--412
[]\T1/ptm/m/n/9 (\T1/ptm/b/n/9 Sum of Ide-als\T1/ptm/m/n/9 ) If $\OML/ptmcm/m/i
t/9 I$ \T1/ptm/m/n/9 and $\OML/ptmcm/m/it/9 J$ \T1/ptm/m/n/9 are ide-als in $\O
ML/ptmcm/m/it/9 k\OT1/ptmcm/m/n/9 [\OML/ptmcm/m/it/9 x[]; [] ; x[]\OT1/ptmcm/m/
n/9 ]$\T1/ptm/m/n/9 ,
 []


Overfull \hbox (14.62114pt too wide) in paragraph at lines 421--425
[]\T1/ptm/m/n/9 (\T1/ptm/b/n/9 Product of Ide-als\T1/ptm/m/n/9 ) If $\OML/ptmcm
/m/it/9 I$ \T1/ptm/m/n/9 and $\OML/ptmcm/m/it/9 J$ \T1/ptm/m/n/9 are ide-als in
 $\OML/ptmcm/m/it/9 k\OT1/ptmcm/m/n/9 [\OML/ptmcm/m/it/9 x[]; [] ; x[]\OT1/ptmc
m/m/n/9 ]$\T1/ptm/m/n/9 ,
 []


Overfull \hbox (17.78894pt too wide) in paragraph at lines 430--432
[]\T1/ptm/m/n/9 (\T1/ptm/b/n/9 Quotient of Ide-als\T1/ptm/m/n/9 ) If $\OML/ptmc
m/m/it/9 I$ \T1/ptm/m/n/9 and $\OML/ptmcm/m/it/9 J$ \T1/ptm/m/n/9 are ide-als i
n $\OML/ptmcm/m/it/9 k\OT1/ptmcm/m/n/9 [\OML/ptmcm/m/it/9 x[]; [] ; x[]\OT1/ptm
cm/m/n/9 ]$\T1/ptm/m/n/9 ,
 []

[3]
Overfull \hbox (4.94081pt too wide) in paragraph at lines 458--461
[]\T1/ptm/m/n/9 From dis-cus-sion above, the BFS traver-sal is com-pletely im-p
le-mented
 []

File: ./mySMPO.eps Graphic file (type eps)
<./mySMPO.eps>
Overfull \hbox (12.94205pt too wide) in paragraph at lines 491--492
 [][] 
 []


Overfull \hbox (11.53043pt too wide) in paragraph at lines 523--525
[]\T1/ptm/b/n/9 Clock 2  $\OML/ptmcm/m/it/9 R[] \OT1/ptmcm/m/n/9 = \OML/ptmcm/m
/it/9 b[]\OT1/ptmcm/m/n/9 (\OML/ptmcm/m/it/9 a[] \OT1/ptmcm/m/n/9 + \OML/ptmcm/
m/it/9 a[]\OT1/ptmcm/m/n/9 ) + \OML/ptmcm/m/it/9 a[]b[]; R[] \OT1/ptmcm/m/n/9 =
 \OML/ptmcm/m/it/9 a[]b[] \OT1/ptmcm/m/n/9 + \OML/ptmcm/m/it/9 b[]\OT1/ptmcm/m/
n/9 (\OML/ptmcm/m/it/9 a[] \OT1/ptmcm/m/n/9 + \OML/ptmcm/m/it/9 a[]\OT1/ptmcm/m
/n/9 )\OML/ptmcm/m/it/9 ; R[] \OT1/ptmcm/m/n/9 =
 []


Overfull \hbox (7.86206pt too wide) in paragraph at lines 523--525
\OML/ptmcm/m/it/9 b[]\OT1/ptmcm/m/n/9 (\OML/ptmcm/m/it/9 a[] \OT1/ptmcm/m/n/9 +
 \OML/ptmcm/m/it/9 a[]\OT1/ptmcm/m/n/9 ) + \OML/ptmcm/m/it/9 b[]\OT1/ptmcm/m/n/
9 (\OML/ptmcm/m/it/9 a[] \OT1/ptmcm/m/n/9 + \OML/ptmcm/m/it/9 a[]\OT1/ptmcm/m/n
/9 )\OML/ptmcm/m/it/9 ; R[] \OT1/ptmcm/m/n/9 = \OML/ptmcm/m/it/9 b[]\OT1/ptmcm/
m/n/9 (\OML/ptmcm/m/it/9 a[] \OT1/ptmcm/m/n/9 + \OML/ptmcm/m/it/9 a[]\OT1/ptmcm
/m/n/9 ) + \OML/ptmcm/m/it/9 b[]\OT1/ptmcm/m/n/9 (\OML/ptmcm/m/it/9 a[] \OT1/pt
mcm/m/n/9 + \OML/ptmcm/m/it/9 a[]\OT1/ptmcm/m/n/9 )\OML/ptmcm/m/it/9 ; R[] \OT1
/ptmcm/m/n/9 =
 []


Overfull \hbox (4.31921pt too wide) in paragraph at lines 540--545
\OML/ptmcm/m/it/9 a[][]; B \OT1/ptmcm/m/n/9 + \OML/ptmcm/m/it/9 b[][] \OT1/pt
mcm/m/n/9 + \OML/ptmcm/m/it/9 b[][] \OT1/ptmcm/m/n/9 + \OML/ptmcm/m/it/9 b[][
] \OT1/ptmcm/m/n/9 + \OML/ptmcm/m/it/9 b[][] \OT1/ptmcm/m/n/9 + \OML/ptmcm/m/i
t/9 b[][]; r \OT1/ptmcm/m/n/9 + \OML/ptmcm/m/it/9 r[][] \OT1/ptmcm/m/n/9 + \O
ML/ptmcm/m/it/9 r[][] \OT1/ptmcm/m/n/9 +
 []

[4]
Overfull \hbox (2.50433pt too wide) in paragraph at lines 569--569
[]\secfnt FAST GRÖB-NER BA-SIS COM-PU-TA-TION 
 []


Overfull \hbox (6.02625pt too wide) in paragraph at lines 597--601
\T1/ptm/m/n/9 Thus the can-di-date pair is $\OT1/ptmcm/m/n/9 (\OML/ptmcm/m/it/9
 f[]; f[]\OT1/ptmcm/m/n/9 )\OML/ptmcm/m/it/9 ; f[] \OT1/ptmcm/m/n/9 = \OML/ptmc
m/m/it/9 R[] \OT1/ptmcm/m/n/9 + \OML/ptmcm/m/it/9 r[] \OT1/ptmcm/m/n/9 + \OML/p
tmcm/m/it/9 b[] \OMS/pzccm/m/n/9 ^^A \OML/ptmcm/m/it/9 a[]; f[] \OT1/ptmcm/m/n/
9 = \OML/ptmcm/m/it/9 R[][] \OT1/ptmcm/m/n/9 +
 []


Overfull \hbox (36.78853pt too wide) in paragraph at lines 608--608
[] 
 []


Underfull \vbox (badness 3746) has occurred while \output is active []

 [5]
Overfull \hbox (10.53752pt too wide) in paragraph at lines 672--677
\T1/ptm/m/n/9 ployed to de-scribe the "func-tion" men-tioned in Ex.2[]: $\OML/p
tmcm/m/it/9 c[] \OT1/ptmcm/m/n/9 = \OML/ptmcm/m/it/9 f\OT1/ptmcm/m/n/9 (\OML/pt
mcm/m/it/9 A; B\OT1/ptmcm/m/n/9 ) =
 []


Overfull \hbox (7.85912pt too wide) in paragraph at lines 705--706
[]\T1/ptm/m/n/9 The num-ber of non-zero en-tries in $\OML/ptmcm/m/it/9 ^^U$\T1/
ptm/m/n/9 -Matrix is known
 []

[6] [7] (./theory.aux) ) 
Here is how much of TeX's memory you used:
 4308 strings out of 495062
 58037 string characters out of 1182645
 152348 words of memory out of 3000000
 7417 multiletter control sequences out of 15000+50000
 49884 words of font info for 62 fonts, out of 3000000 for 9000
 28 hyphenation exceptions out of 8191
 44i,18n,42p,313b,415s stack positions out of 5000i,500n,10000p,200000b,50000s

Output written on theory.dvi (7 pages, 59544 bytes).
